Sat Jun  8 16:47:14 2024
[[INFO]] : Open database database.db success
Sat Jun  8 16:49:38 2024
[[INFO]] : Open database database.db success
Sat Jun  8 16:50:57 2024
[[INFO]] : Open database database.db success
Sat Jun  8 16:57:13 2024
[[INFO]] : Open database database.db success
Sat Jun  8 16:58:38 2024
[[INFO]] : Open database database.db success
Mon Jun 10 08:19:42 2024
[[INFO]] : Open database database.db success
Mon Jun 10 08:23:18 2024
[[INFO]] : Open database database.db success
Mon Jun 10 08:34:05 2024
[[INFO]] : Open database database.db success
Mon Jun 10 08:45:32 2024
[[INFO]] : Open database database.db success
Mon Jun 10 08:46:27 2024
[[INFO]] : Open database database.db success
Mon Jun 10 08:48:24 2024
[[INFO]] : Open database database.db success
Mon Jun 10 08:49:59 2024
[[INFO]] : Open database database.db success
Mon Jun 10 08:56:18 2024
[[INFO]] : Open database database.db success
Mon Jun 10 08:57:45 2024
[[INFO]] : Open database database.db success
Mon Jun 10 09:02:30 2024
[[INFO]] : Open database database.db success
Mon Jun 10 09:07:10 2024
[[INFO]] : Open database database.db success
Mon Jun 10 09:09:35 2024
[[INFO]] : Open database database.db success
Mon Jun 10 09:11:41 2024
[[INFO]] : Open database database.db success
Mon Jun 10 09:20:15 2024
[[INFO]] : Open database database.db success
Mon Jun 10 09:22:32 2024
[[INFO]] : Open database database.db success
Fri Jun 14 04:40:26 2024
[[INFO]] : Open database database.db success
Fri Jun 14 08:06:08 2024
[[INFO]] : Open database database.db success
Fri Jun 14 08:08:15 2024
[[INFO]] : Open database database.db success
Fri Jun 14 08:10:46 2024
[[INFO]] : Open database database.db success
Fri Jun 14 08:12:38 2024
[[INFO]] : Open database database.db success
Fri Jun 14 08:14:47 2024
[[INFO]] : Open database database.db success
Fri Jun 14 08:17:19 2024
[[INFO]] : Open database database.db success
Fri Jun 14 08:18:46 2024
[[INFO]] : Open database database.db success
Fri Jun 14 08:21:36 2024
[[INFO]] : Open database database.db success
Fri Jun 14 08:25:53 2024
[[INFO]] : Open database database.db success
Fri Jun 14 08:26:06 2024
[[INFO]] : Open database database.db success
Fri Jun 14 08:26:31 2024
[[INFO]] : Open database database.db success
Fri Jun 14 08:27:00 2024
[[INFO]] : Open database database.db success
Fri Jun 14 08:27:48 2024
[[INFO]] : Open database database.db success
Fri Jun 14 08:28:28 2024
[[INFO]] : Open database database.db success
Fri Jun 14 08:29:56 2024
[[INFO]] : Open database database.db success
Fri Jun 14 08:32:17 2024
[[INFO]] : Open database database.db success
Fri Jun 14 08:32:55 2024
[[INFO]] : Open database database.db success
Fri Jun 14 08:36:31 2024
[[INFO]] : Open database database.db success
Fri Jun 14 08:39:49 2024
[[INFO]] : Open database database.db success
Fri Jun 14 08:42:23 2024
[[INFO]] : Open database database.db success
Fri Jun 14 08:44:13 2024
[[INFO]] : Open database database.db success
Fri Jun 14 08:44:54 2024
[[INFO]] : Open database database.db success
Fri Jun 14 08:45:19 2024
[[INFO]] : Open database database.db success
Fri Jun 14 08:48:39 2024
[[INFO]] : Open database database.db success
Fri Jun 14 08:49:07 2024
[[INFO]] : Open database database.db success
Fri Jun 14 08:53:46 2024
[[INFO]] : Open database database.db success
Fri Jun 14 08:54:16 2024
[[INFO]] : Open database database.db success
Fri Jun 14 08:54:55 2024
[[INFO]] : Open database database.db success
Fri Jun 14 08:55:18 2024
[[INFO]] : Open database database.db success
Fri Jun 14 08:56:19 2024
[[INFO]] : Open database database.db success
Fri Jun 14 08:56:46 2024
[[INFO]] : Open database database.db success
Fri Jun 14 08:57:09 2024
[[INFO]] : Open database database.db success
Fri Jun 14 08:57:31 2024
[[INFO]] : Open database database.db success
Fri Jun 14 08:57:46 2024
[[INFO]] : Open database database.db success
Fri Jun 14 08:58:53 2024
[[INFO]] : Open database database.db success
Fri Jun 14 09:06:07 2024
[[INFO]] : Open database database.db success
Fri Jun 14 09:06:45 2024
[[INFO]] : Open database database.db success
Fri Jun 14 09:13:35 2024
[[INFO]] : Open database database.db success
Fri Jun 14 09:15:41 2024
[[INFO]] : Open database database.db success
Fri Jun 14 09:17:12 2024
[[INFO]] : Open database database.db success
Fri Jun 14 09:17:53 2024
[[INFO]] : Open database database.db success
Fri Jun 14 09:18:17 2024
[[INFO]] : Open database database.db success
Fri Jun 14 09:18:51 2024
[[INFO]] : Open database database.db success
Fri Jun 14 09:19:16 2024
[[INFO]] : Open database database.db success
Fri Jun 14 09:20:08 2024
[[INFO]] : Open database database.db success
Fri Jun 14 09:23:36 2024
[[INFO]] : Open database database.db success
Fri Jun 14 09:31:07 2024
[[INFO]] : Open database database.db success
Fri Jun 14 09:31:51 2024
[[INFO]] : Open database database.db success
Fri Jun 14 09:33:20 2024
[[INFO]] : Open database database.db success
Fri Jun 14 09:34:35 2024
[[INFO]] : Open database database.db success
Fri Jun 14 09:36:46 2024
[[INFO]] : Open database database.db success
Fri Jun 14 09:37:17 2024
[[INFO]] : Open database database.db success
Fri Jun 14 09:37:57 2024
[[INFO]] : Open database database.db success
Fri Jun 14 09:39:02 2024
[[INFO]] : Open database database.db success
Fri Jun 14 09:40:11 2024
[[INFO]] : Open database database.db success
Fri Jun 14 09:41:37 2024
[[INFO]] : Open database database.db success
Fri Jun 14 11:19:43 2024
[[INFO]] : Open database database.db success
Wed Jun 19 10:40:44 2024
[[INFO]] : Open database database.db success
Wed Jun 19 10:41:23 2024
[[INFO]] : Open database database.db success
Wed Jun 19 10:50:36 2024
[[INFO]] : Open database database.db success
Wed Jun 19 10:56:38 2024
[[INFO]] : Open database database.db success
Wed Jun 19 10:57:08 2024
[[INFO]] : Open database database.db success
Wed Jun 19 10:58:29 2024
[[INFO]] : Open database database.db success
Wed Jun 19 10:59:50 2024
[[INFO]] : Open database database.db success
Wed Jun 19 11:04:06 2024
[[INFO]] : Open database database.db success
Wed Jun 19 11:06:56 2024
[[INFO]] : Open database database.db success
Wed Jun 19 11:08:25 2024
[[INFO]] : Open database database.db success
Wed Jun 19 11:09:39 2024
[[INFO]] : Open database database.db success
Wed Jun 19 11:11:19 2024
[[INFO]] : Open database database.db success
Wed Jun 19 11:11:46 2024
[[INFO]] : Open database database.db success
Wed Jun 19 11:12:56 2024
[[INFO]] : Open database database.db success
Wed Jun 19 11:13:47 2024
[[INFO]] : Open database database.db success
Wed Jun 19 11:15:14 2024
[[INFO]] : Open database database.db success
Wed Jun 19 11:17:27 2024
[[INFO]] : Open database database.db success
Wed Jun 19 11:19:19 2024
[[INFO]] : Open database database.db success
Wed Jun 19 11:20:48 2024
[[INFO]] : Open database database.db success
Wed Jun 19 11:22:01 2024
[[INFO]] : Open database database.db success
Wed Jun 19 11:22:22 2024
[[INFO]] : Open database database.db success
Wed Jun 19 11:22:45 2024
[[INFO]] : Open database database.db success
Wed Jun 19 11:24:44 2024
[[INFO]] : Open database database.db success
Wed Jun 19 11:26:48 2024
[[INFO]] : Open database database.db success
Wed Jun 19 11:27:14 2024
[[INFO]] : Open database database.db success
Wed Jun 19 11:27:27 2024
[[INFO]] : Open database database.db success
Wed Jun 19 11:27:40 2024
[[INFO]] : Open database database.db success
Wed Jun 19 11:31:02 2024
[[INFO]] : Open database database.db success
Wed Jun 19 11:32:43 2024
[[INFO]] : Open database database.db success
Wed Jun 19 11:34:21 2024
[[INFO]] : Open database database.db success
Wed Jun 19 11:39:38 2024
[[INFO]] : Open database database.db success
Wed Jun 19 11:39:52 2024
[[INFO]] : Open database database.db success
Wed Jun 19 11:44:21 2024
[[INFO]] : Open database database.db success
Wed Jun 19 11:46:23 2024
[[INFO]] : Open database database.db success
Wed Jun 19 11:51:08 2024
[[INFO]] : Open database database.db success
Wed Jun 19 11:52:36 2024
[[INFO]] : Open database database.db success
Wed Jun 19 11:53:48 2024
[[INFO]] : Open database database.db success
Wed Jun 19 11:56:09 2024
[[INFO]] : Open database database.db success
Wed Jun 19 11:57:15 2024
[[INFO]] : Open database database.db success
Wed Jun 19 12:04:42 2024
[[INFO]] : Open database database.db success
Wed Jun 19 12:09:05 2024
[[INFO]] : Open database database.db success
Wed Jun 19 12:10:51 2024
[[INFO]] : Open database database.db success
Wed Jun 19 12:12:18 2024
[[INFO]] : Open database database.db success
Wed Jun 19 12:13:32 2024
[[INFO]] : Open database database.db success
Wed Jun 19 12:14:39 2024
[[INFO]] : Open database database.db success
Wed Jun 19 12:21:45 2024
[[INFO]] : Open database database.db success
Wed Jun 19 12:22:46 2024
[[INFO]] : Open database database.db success
Wed Jun 19 12:23:20 2024
[[INFO]] : Open database database.db success
Wed Jun 19 12:26:47 2024
[[INFO]] : Open database database.db success
Wed Jun 19 12:27:10 2024
[[INFO]] : Open database database.db success
Wed Jun 19 12:28:53 2024
[[INFO]] : Open database database.db success
Wed Jun 19 12:29:10 2024
[[INFO]] : Open database database.db success
Wed Jun 19 12:29:33 2024
[[INFO]] : Open database database.db success
Wed Jun 19 12:31:22 2024
[[INFO]] : Open database database.db success
Wed Jun 19 12:31:43 2024
[[INFO]] : Open database database.db success
Wed Jun 19 12:33:41 2024
[[INFO]] : Open database database.db success
Wed Jun 19 12:35:04 2024
[[INFO]] : Open database database.db success
Wed Jun 19 12:37:07 2024
[[INFO]] : Open database database.db success
Wed Jun 19 12:50:02 2024
[[INFO]] : Open database database.db success
Wed Jun 19 12:52:43 2024
[[INFO]] : Open database database.db success
Wed Jun 19 12:53:53 2024
[[INFO]] : Open database database.db success
Wed Jun 19 12:54:16 2024
[[INFO]] : Open database database.db success
Wed Jun 19 12:54:47 2024
[[INFO]] : Open database database.db success
Wed Jun 19 12:55:51 2024
[[INFO]] : Open database database.db success
Wed Jun 19 12:57:05 2024
[[INFO]] : Open database database.db success
Wed Jun 19 12:57:26 2024
[[INFO]] : Open database database.db success
Wed Jun 19 12:57:58 2024
[[INFO]] : Open database database.db success
Wed Jun 19 12:58:28 2024
[[INFO]] : Open database database.db success
Wed Jun 19 13:00:33 2024
[[INFO]] : Open database database.db success
Wed Jun 19 13:01:02 2024
[[INFO]] : Open database database.db success
Wed Jun 19 13:04:08 2024
[[INFO]] : Open database database.db success
Wed Jun 19 13:05:22 2024
[[INFO]] : Open database database.db success
Wed Jun 19 13:09:21 2024
[[INFO]] : Open database database.db success
Wed Jun 19 13:10:34 2024
[[INFO]] : Open database database.db success
Wed Jun 19 13:12:46 2024
[[INFO]] : Open database database.db success
Wed Jun 19 13:14:57 2024
[[INFO]] : Open database database.db success
Wed Jun 19 13:15:38 2024
[[INFO]] : Open database database.db success
Wed Jun 19 13:16:09 2024
[[INFO]] : Open database database.db success
Wed Jun 19 13:17:51 2024
[[INFO]] : Open database database.db success
Wed Jun 19 13:18:12 2024
[[INFO]] : Open database database.db success
Wed Jun 19 13:23:26 2024
[[INFO]] : Open database database.db success
Wed Jun 19 13:23:55 2024
[[INFO]] : Open database database.db success
Wed Jun 19 13:27:35 2024
[[INFO]] : Open database database.db success
Wed Jun 19 13:31:22 2024
[[INFO]] : Open database database.db success
Wed Jun 19 13:43:50 2024
[[INFO]] : Open database database.db success
Wed Jun 19 13:46:26 2024
[[INFO]] : Open database database.db success
Wed Jun 19 13:46:46 2024
[[INFO]] : Open database database.db success
Wed Jun 19 13:47:08 2024
[[INFO]] : Open database database.db success
Wed Jun 19 13:48:19 2024
[[INFO]] : Open database database.db success
Wed Jun 19 13:51:16 2024
[[INFO]] : Open database database.db success
Wed Jun 19 13:51:34 2024
[[INFO]] : Open database database.db success
Wed Jun 19 13:54:36 2024
[[INFO]] : Open database database.db success
Wed Jun 19 13:56:26 2024
[[INFO]] : Open database database.db success
Wed Jun 19 14:01:31 2024
[[INFO]] : Open database database.db success
Wed Jun 19 14:02:19 2024
[[INFO]] : Open database database.db success
Wed Jun 19 14:11:06 2024
[[INFO]] : Open database database.db success
Wed Jun 19 14:12:00 2024
[[INFO]] : Open database database.db success
Wed Jun 19 14:12:21 2024
[[INFO]] : Open database database.db success
Wed Jun 19 14:13:21 2024
[[INFO]] : Open database database.db success
Thu Jun 20 10:36:09 2024
[[INFO]] : Open database database.db success
Thu Jun 20 10:47:43 2024
[[INFO]] : Open database database.db success
Thu Jun 20 10:48:12 2024
[[INFO]] : Open database database.db success
Thu Jun 20 10:50:07 2024
[[INFO]] : Open database database.db success
Thu Jun 20 10:52:42 2024
[[INFO]] : Open database database.db success
Thu Jun 20 10:53:02 2024
[[INFO]] : Open database database.db success
Thu Jun 20 10:53:45 2024
[[INFO]] : Open database database.db success
Thu Jun 20 10:54:06 2024
[[INFO]] : Open database database.db success
Thu Jun 20 10:55:00 2024
[[INFO]] : Open database database.db success
Thu Jun 20 10:56:07 2024
[[INFO]] : Open database database.db success
Thu Jun 20 10:56:33 2024
[[INFO]] : Open database database.db success
Thu Jun 20 10:58:52 2024
[[INFO]] : Open database database.db success
Thu Jun 20 11:00:06 2024
[[INFO]] : Open database database.db success
Thu Jun 20 11:00:17 2024
[[INFO]] : Open database database.db success
Thu Jun 20 11:03:40 2024
[[INFO]] : Open database database.db success
Thu Jun 20 11:09:23 2024
[[INFO]] : Open database database.db success
Thu Jun 20 11:11:58 2024
[[INFO]] : Open database database.db success
Thu Jun 20 11:14:07 2024
[[INFO]] : Open database database.db success
Thu Jun 20 11:14:45 2024
[[INFO]] : Open database database.db success
Thu Jun 20 11:19:46 2024
[[INFO]] : Open database database.db success
Thu Jun 20 11:23:21 2024
[[INFO]] : Open database database.db success
Thu Jun 20 11:24:49 2024
[[INFO]] : Open database database.db success
Thu Jun 20 11:25:08 2024
[[INFO]] : Open database database.db success
Thu Jun 20 11:28:43 2024
[[INFO]] : Open database database.db success
Thu Jun 20 11:30:13 2024
[[INFO]] : Open database database.db success
Thu Jun 20 11:31:06 2024
[[INFO]] : Open database database.db success
Thu Jun 20 11:31:30 2024
[[INFO]] : Open database database.db success
Thu Jun 20 11:31:57 2024
[[INFO]] : Open database database.db success
Thu Jun 20 11:38:27 2024
[[INFO]] : Open database database.db success
Thu Jun 20 11:46:25 2024
[[INFO]] : Open database database.db success
Thu Jun 20 11:49:05 2024
[[INFO]] : Open database database.db success
Thu Jun 20 11:50:31 2024
[[INFO]] : Open database database.db success
Thu Jun 20 11:51:26 2024
[[INFO]] : Open database database.db success
Thu Jun 20 11:52:15 2024
[[INFO]] : Open database database.db success
Thu Jun 20 11:54:40 2024
[[INFO]] : Open database database.db success
Thu Jun 20 11:55:02 2024
[[INFO]] : Open database database.db success
Thu Jun 20 11:55:54 2024
[[INFO]] : Open database database.db success
Thu Jun 20 11:57:00 2024
[[INFO]] : Open database database.db success
Thu Jun 20 12:02:39 2024
[[INFO]] : Open database database.db success
Thu Jun 20 12:04:18 2024
[[INFO]] : Open database database.db success
Thu Jun 20 12:05:59 2024
[[INFO]] : Open database database.db success
Thu Jun 20 12:09:36 2024
[[INFO]] : Open database database.db success
Thu Jun 20 12:10:28 2024
[[INFO]] : Open database database.db success
Thu Jun 20 12:10:42 2024
[[INFO]] : Open database database.db success
Thu Jun 20 12:11:26 2024
[[INFO]] : Open database database.db success
Thu Jun 20 12:12:13 2024
[[INFO]] : Open database database.db success
Thu Jun 20 12:12:28 2024
[[INFO]] : Open database database.db success
Thu Jun 20 12:18:16 2024
[[INFO]] : Open database database.db success
Thu Jun 20 12:18:36 2024
[[INFO]] : Open database database.db success
Thu Jun 20 12:19:27 2024
[[INFO]] : Open database database.db success
Thu Jun 20 12:20:52 2024
[[INFO]] : Open database database.db success
Thu Jun 20 12:21:28 2024
[[INFO]] : Open database database.db success
Thu Jun 20 12:22:25 2024
[[INFO]] : Open database database.db success
Thu Jun 20 12:26:33 2024
[[INFO]] : Open database database.db success
Thu Jun 20 12:27:31 2024
[[INFO]] : Open database database.db success
Thu Jun 20 12:27:57 2024
[[INFO]] : Open database database.db success
Thu Jun 20 12:31:08 2024
[[INFO]] : Open database database.db success
Thu Jun 20 12:33:36 2024
[[INFO]] : Open database database.db success
Thu Jun 20 12:34:30 2024
[[INFO]] : Open database database.db success
Thu Jun 20 12:34:43 2024
[[INFO]] : Open database database.db success
Thu Jun 20 12:35:01 2024
[[INFO]] : Open database database.db success
Thu Jun 20 12:35:22 2024
[[INFO]] : Open database database.db success
Thu Jun 20 12:35:55 2024
[[INFO]] : Open database database.db success
Thu Jun 20 12:39:36 2024
[[INFO]] : Open database database.db success
Thu Jun 20 12:39:48 2024
[[INFO]] : Open database database.db success
Thu Jun 20 12:40:27 2024
[[INFO]] : Open database database.db success
Thu Jun 20 12:45:05 2024
[[INFO]] : Open database database.db success
Thu Jun 20 12:50:16 2024
[[INFO]] : Open database database.db success
Thu Jun 20 12:52:59 2024
[[INFO]] : Open database database.db success
Thu Jun 20 12:56:26 2024
[[INFO]] : Open database database.db success
Thu Jun 20 12:59:10 2024
[[INFO]] : Open database database.db success
Thu Jun 20 13:00:04 2024
[[INFO]] : Open database database.db success
Thu Jun 20 13:00:24 2024
[[INFO]] : Open database database.db success
Thu Jun 20 13:00:35 2024
[[INFO]] : Open database database.db success
Thu Jun 20 13:12:33 2024
[[INFO]] : Open database database.db success
Thu Jun 20 13:15:36 2024
[[INFO]] : Open database database.db success
Thu Jun 20 13:16:40 2024
[[INFO]] : Open database database.db success
Thu Jun 20 13:19:06 2024
[[INFO]] : Open database database.db success
Thu Jun 20 13:23:49 2024
[[INFO]] : Open database database.db success
Thu Jun 20 13:28:41 2024
[[INFO]] : Open database database.db success
Thu Jun 20 13:29:34 2024
[[INFO]] : Open database database.db success
Thu Jun 20 13:30:02 2024
[[INFO]] : Open database database.db success
Thu Jun 20 13:42:56 2024
[[INFO]] : Open database database.db success
Thu Jun 20 13:43:31 2024
[[INFO]] : Open database database.db success
Thu Jun 20 13:44:13 2024
[[INFO]] : Open database database.db success
Thu Jun 20 13:44:45 2024
[[INFO]] : Open database database.db success
Thu Jun 20 13:45:42 2024
[[INFO]] : Open database database.db success
Thu Jun 20 13:46:14 2024
[[INFO]] : Open database database.db success
Thu Jun 20 13:46:44 2024
[[INFO]] : Open database database.db success
Thu Jun 20 13:47:18 2024
[[INFO]] : Open database database.db success
